[23 January 16:42:37] Xavier_Lamieu has set Tony_Marino's Rank to 10.
[23 January 16:42:57] Xavier_Lamieu has set Tony_Marino's Rank to 10.
[23 January 16:43:13] Xavier_Lamieu has set Tony_Marino's Rank to 8.
[23 January 17:13:49] Amy_Fernandez has set Amy_Fernandez's rank to 11.
[23 January 17:20:6] Amy_Fernandez has set Amy_Fernandez's connecttime to 8.
[24 January 12:25:27] Amy_Fernandez has set Raven_Barracks's connecttime to 1500.
[24 January 12:28:24] Amy_Fernandez has set Jose_Rodriguez's rank to 2.
[24 January 13:18:47] Alice_Parker has set Oliver_Queen's bizzkey to 77.
[24 January 13:18:51] Amy_Fernandez has set Amy_Fernandez's bizkey to 77.
[24 January 13:49:35] Amy_Fernandez has set Mateo_Flore's changes to 1.
[24 January 20:22:36] DeAndre_Simpson has set DeAndre_Simpson's housekey to 0.
[24 January 20:23:12] DeAndre_Simpson has set DeAndre_Simpson's bank to 40000.
[30 January 17:23:24] DeAndre_Simpson has set DeAndre_Simpson's carticket to 1.
[31 January 15:10:37] Keyon_Mayfield has set Keyon_Mayfield's bank to 1000000.
[31 January 15:11:21] Keyon_Mayfield has set Keyon_Mayfield's bank to 100000000.
[31 January 15:11:27] Keyon_Mayfield has set Keyon_Mayfield's bank to 1874919424.
[31 January 15:12:28] Keyon_Mayfield has set Keyon_Mayfield's gunlic to 1.
[31 January 15:12:40] Keyon_Mayfield has set Keyon_Mayfield's drivelic to 1.
[31 January 15:13:0] Keyon_Mayfield has set Keyon_Mayfield's donaterank to 1.
[31 January 15:13:1] Keyon_Mayfield has set Keyon_Mayfield's donaterank to 4.
[31 January 15:13:33] Keyon_Mayfield has set Keyon_Mayfield's donaterank to 4.
[31 January 15:13:35] Keyon_Mayfield has set Keyon_Mayfield's donaterank to 5.
[31 January 15:13:43] Keyon_Mayfield has set Keyon_Mayfield's donaterank to 4.
[31 January 15:14:20] Keyon_Mayfield has set Keyon_Mayfield's Changes to 20.
[31 January 15:14:23] Keyon_Mayfield has set Keyon_Mayfield's Changes to 100.
[31 January 15:14:27] Keyon_Mayfield has set Keyon_Mayfield's Changes to 1000.
[31 January 15:45:55] Keyon_Mayfield has set Keyon_Mayfield's bank to -1981284352.
[31 January 15:46:3] Keyon_Mayfield has set Keyon_Mayfield's bank to -1530494976.
[31 January 15:46:5] Keyon_Mayfield has set Keyon_Mayfield's bank to 1215752192.
[31 January 15:46:55] Keyon_Mayfield has set Keyon_Mayfield's wepserial to 108.
[31 January 15:47:23] Keyon_Mayfield has set Keyon_Mayfield's matierals to -727379968.
[31 January 15:47:24] Keyon_Mayfield has set Keyon_Mayfield's matierals to 1215752192.
[31 January 15:47:25] Keyon_Mayfield has set Keyon_Mayfield's matierals to 100000000.
[31 January 15:47:27] Keyon_Mayfield has set Keyon_Mayfield's matierals to 100000.
[31 January 15:47:28] Keyon_Mayfield has set Keyon_Mayfield's matierals to 1000.
[7 February 17:38:34] DeAndre_Simpson has set Rumpel_Lepmur's carticket to 1.
[7 February 17:43:14] Rumpel_Lepmur has set Rumpel_Lepmur's connecttime to 99.
